This is pdfTeX, Version 3.141592653-2.6-1.40.24 (MiKTeX 23.1) (preloaded format=pdflatex 2023.2.18)  8 APR 2023 16:01
entering extended mode
 restricted \write18 enabled.
 file:line:error style messages enabled.
 %&-line parsing enabled.
**/media/vampire/omp/seminar/Seminar/Latex-main/report-1.tex
(/media/vampire/omp/seminar/Seminar/Latex-main/report-1.tex
LaTeX2e <2022-11-01> patch level 1
L3 programming layer <2023-02-02> (/home/vampire/.miktex/texmfs/install/tex/latex/base/report.cls
Document Class: report 2022/07/02 v1.4n Standard LaTeX document class
(/home/vampire/.miktex/texmfs/install/tex/latex/base/size11.clo
File: size11.clo 2022/07/02 v1.4n Standard LaTeX file (size option)
)
\c@part=\count185
\c@chapter=\count186
\c@section=\count187
\c@subsection=\count188
\c@subsubsection=\count189
\c@paragraph=\count190
\c@subparagraph=\count191
\c@figure=\count192
\c@table=\count193
\abovecaptionskip=\skip48
\belowcaptionskip=\skip49
\bibindent=\dimen140
) (/home/vampire/.miktex/texmfs/install/tex/latex/geometry/geometry.sty
Package: geometry 2020/01/02 v5.9 Page Geometry
 (/home/vampire/.miktex/texmfs/install/tex/latex/graphics/keyval.sty
Package: keyval 2022/05/29 v1.15 key=value parser (DPC)
\KV@toks@=\toks16
) (/home/vampire/.miktex/texmfs/install/tex/generic/iftex/ifvtex.sty
Package: ifvtex 2019/10/25 v1.7 ifvtex legacy package. Use iftex instead.
 (/home/vampire/.miktex/texmfs/install/tex/generic/iftex/iftex.sty
Package: iftex 2022/02/03 v1.0f TeX engine tests
))
\Gm@cnth=\count194
\Gm@cntv=\count195
\c@Gm@tempcnt=\count196
\Gm@bindingoffset=\dimen141
\Gm@wd@mp=\dimen142
\Gm@odd@mp=\dimen143
\Gm@even@mp=\dimen144
\Gm@layoutwidth=\dimen145
\Gm@layoutheight=\dimen146
\Gm@layouthoffset=\dimen147
\Gm@layoutvoffset=\dimen148
\Gm@dimlist=\toks17
 (/home/vampire/.miktex/texmfs/install/tex/latex/geometry/geometry.cfg)) (/home/vampire/.miktex/texmfs/install/tex/latex/graphics/graphicx.sty
Package: graphicx 2021/09/16 v1.2d Enhanced LaTeX Graphics (DPC,SPQR)
 (/home/vampire/.miktex/texmfs/install/tex/latex/graphics/graphics.sty
Package: graphics 2022/03/10 v1.4e Standard LaTeX Graphics (DPC,SPQR)
 (/home/vampire/.miktex/texmfs/install/tex/latex/graphics/trig.sty
Package: trig 2021/08/11 v1.11 sin cos tan (DPC)
) (/home/vampire/.miktex/texmfs/install/tex/latex/graphics-cfg/graphics.cfg
File: graphics.cfg 2016/06/04 v1.11 sample graphics configuration
)
Package graphics Info: Driver file: pdftex.def on input line 107.
 (/home/vampire/.miktex/texmfs/install/tex/latex/graphics-def/pdftex.def
File: pdftex.def 2022/09/22 v1.2b Graphics/color driver for pdftex
))
\Gin@req@height=\dimen149
\Gin@req@width=\dimen150
) (/home/vampire/.miktex/texmfs/install/tex/latex/listings/listings.sty
\lst@mode=\count197
\lst@gtempboxa=\box51
\lst@token=\toks18
\lst@length=\count198
\lst@currlwidth=\dimen151
\lst@column=\count199
\lst@pos=\count266
\lst@lostspace=\dimen152
\lst@width=\dimen153
\lst@newlines=\count267
\lst@lineno=\count268
\lst@maxwidth=\dimen154
 (/home/vampire/.miktex/texmfs/install/tex/latex/listings/lstmisc.sty
File: lstmisc.sty 2020/03/24 1.8d (Carsten Heinz)
\c@lstnumber=\count269
\lst@skipnumbers=\count270
\lst@framebox=\box52
) (/home/vampire/.miktex/texmfs/install/tex/latex/listings/listings.cfg
File: listings.cfg 2020/03/24 1.8d listings configuration
))
Package: listings 2020/03/24 1.8d (Carsten Heinz)
 (/home/vampire/.miktex/texmfs/install/tex/latex/titlesec/titlesec.sty
Package: titlesec 2021/07/05 v2.14 Sectioning titles
\ttl@box=\box53
\beforetitleunit=\skip50
\aftertitleunit=\skip51
\ttl@plus=\dimen155
\ttl@minus=\dimen156
\ttl@toksa=\toks19
\titlewidth=\dimen157
\titlewidthlast=\dimen158
\titlewidthfirst=\dimen159
) (/home/vampire/.miktex/texmfs/install/tex/latex/fancyhdr/fancyhdr.sty
Package: fancyhdr 2022/11/09 v4.1 Extensive control of page headers and footers
\f@nch@headwidth=\skip52
\f@nch@O@elh=\skip53
\f@nch@O@erh=\skip54
\f@nch@O@olh=\skip55
\f@nch@O@orh=\skip56
\f@nch@O@elf=\skip57
\f@nch@O@erf=\skip58
\f@nch@O@olf=\skip59
\f@nch@O@orf=\skip60
) (/home/vampire/.miktex/texmfs/install/tex/latex/epstopdf-pkg/epstopdf.sty
Package: epstopdf 2020-01-24 v2.11 Conversion with epstopdf on the fly (HO)
 (/home/vampire/.miktex/texmfs/install/tex/generic/infwarerr/infwarerr.sty
Package: infwarerr 2019/12/03 v1.5 Providing info/warning/error messages (HO)
) (/home/vampire/.miktex/texmfs/install/tex/latex/grfext/grfext.sty
Package: grfext 2019/12/03 v1.3 Manage graphics extensions (HO)
 (/home/vampire/.miktex/texmfs/install/tex/generic/kvdefinekeys/kvdefinekeys.sty
Package: kvdefinekeys 2019-12-19 v1.6 Define keys (HO)
)) (/home/vampire/.miktex/texmfs/install/tex/latex/kvoptions/kvoptions.sty
Package: kvoptions 2022-06-15 v3.15 Key value format for package options (HO)
 (/home/vampire/.miktex/texmfs/install/tex/generic/ltxcmds/ltxcmds.sty
Package: ltxcmds 2020-05-10 v1.25 LaTeX kernel commands for general use (HO)
) (/home/vampire/.miktex/texmfs/install/tex/latex/kvsetkeys/kvsetkeys.sty
Package: kvsetkeys 2022-10-05 v1.19 Key value parser (HO)
)) (/home/vampire/.miktex/texmfs/install/tex/generic/pdftexcmds/pdftexcmds.sty
Package: pdftexcmds 2020-06-27 v0.33 Utility functions of pdfTeX for LuaTeX (HO)
Package pdftexcmds Info: \pdf@primitive is available.
Package pdftexcmds Info: \pdf@ifprimitive is available.
Package pdftexcmds Info: \pdfdraftmode found.
) (/home/vampire/.miktex/texmfs/install/tex/latex/epstopdf-pkg/epstopdf-base.sty
Package: epstopdf-base 2020-01-24 v2.11 Base part for package epstopdf
Package epstopdf-base Info: Redefining graphics rule for `.eps' on input line 485.
Package grfext Info: Graphics extension search list:
(grfext)             [.pdf,.png,.jpg,.mps,.jpeg,.jbig2,.jb2,.PDF,.PNG,.JPG,.JPEG,.JBIG2,.JB2,.eps]
(grfext)             \AppendGraphicsExtensions on input line 504.
 (/home/vampire/.miktex/texmfs/install/tex/latex/00miktex/epstopdf-sys.cfg
File: epstopdf-sys.cfg 2021/03/18 v2.0 Configuration of epstopdf for MiKTeX
))) (/home/vampire/.miktex/texmfs/install/tex/latex/float/float.sty
Package: float 2001/11/08 v1.3d Float enhancements (AL)
\c@float@type=\count271
\float@exts=\toks20
\float@box=\box54
\@float@everytoks=\toks21
\@floatcapt=\box55
) (/home/vampire/.miktex/texmfs/install/tex/latex/amsmath/amsmath.sty
Package: amsmath 2022/04/08 v2.17n AMS math features
\@mathmargin=\skip61

For additional information on amsmath, use the `?' option.
(/home/vampire/.miktex/texmfs/install/tex/latex/amsmath/amstext.sty
Package: amstext 2021/08/26 v2.01 AMS text
 (/home/vampire/.miktex/texmfs/install/tex/latex/amsmath/amsgen.sty
File: amsgen.sty 1999/11/30 v2.0 generic functions
\@emptytoks=\toks22
\ex@=\dimen160
)) (/home/vampire/.miktex/texmfs/install/tex/latex/amsmath/amsbsy.sty
Package: amsbsy 1999/11/29 v1.2d Bold Symbols
\pmbraise@=\dimen161
) (/home/vampire/.miktex/texmfs/install/tex/latex/amsmath/amsopn.sty
Package: amsopn 2022/04/08 v2.04 operator names
)
\inf@bad=\count272
LaTeX Info: Redefining \frac on input line 234.
\uproot@=\count273
\leftroot@=\count274
LaTeX Info: Redefining \overline on input line 399.
LaTeX Info: Redefining \colon on input line 410.
\classnum@=\count275
\DOTSCASE@=\count276
LaTeX Info: Redefining \ldots on input line 496.
LaTeX Info: Redefining \dots on input line 499.
LaTeX Info: Redefining \cdots on input line 620.
\Mathstrutbox@=\box56
\strutbox@=\box57
LaTeX Info: Redefining \big on input line 722.
LaTeX Info: Redefining \Big on input line 723.
LaTeX Info: Redefining \bigg on input line 724.
LaTeX Info: Redefining \Bigg on input line 725.
\big@size=\dimen162
LaTeX Font Info:    Redeclaring font encoding OML on input line 743.
LaTeX Font Info:    Redeclaring font encoding OMS on input line 744.
\macc@depth=\count277
LaTeX Info: Redefining \bmod on input line 905.
LaTeX Info: Redefining \pmod on input line 910.
LaTeX Info: Redefining \smash on input line 940.
LaTeX Info: Redefining \relbar on input line 970.
LaTeX Info: Redefining \Relbar on input line 971.
\c@MaxMatrixCols=\count278
\dotsspace@=\muskip16
\c@parentequation=\count279
\dspbrk@lvl=\count280
\tag@help=\toks23
\row@=\count281
\column@=\count282
\maxfields@=\count283
\andhelp@=\toks24
\eqnshift@=\dimen163
\alignsep@=\dimen164
\tagshift@=\dimen165
\tagwidth@=\dimen166
\totwidth@=\dimen167
\lineht@=\dimen168
\@envbody=\toks25
\multlinegap=\skip62
\multlinetaggap=\skip63
\mathdisplay@stack=\toks26
LaTeX Info: Redefining \[ on input line 2953.
LaTeX Info: Redefining \] on input line 2954.
) (/home/vampire/.miktex/texmfs/install/tex/latex/setspace/setspace.sty
Package: setspace 2022/12/04 v6.7b set line spacing
) (/home/vampire/.miktex/texmfs/install/tex/latex/amsfonts/eufrak.sty
Package: eufrak 2009/06/22 v3.00 Euler Fraktur fonts
LaTeX Font Info:    Overwriting math alphabet `\EuFrak' in version `bold'
(Font)                  U/euf/m/n --> U/euf/b/n on input line 39.
) (/home/vampire/.miktex/texmfs/install/tex/latex/url/url.sty
\Urlmuskip=\muskip17
Package: url 2013/09/16  ver 3.4  Verb mode for urls, etc.
) (/home/vampire/.miktex/texmfs/install/tex/latex/psnfss/courier.sty
Package: courier 2020/03/25 PSNFSS-v9.3 (WaS) 
) (/home/vampire/.miktex/texmfs/install/tex/latex/l3backend/l3backend-pdftex.def
File: l3backend-pdftex.def 2023-01-16 L3 backend support: PDF output (pdfTeX)
\l__color_backend_stack_int=\count284
\l__pdf_internal_box=\box58
) (report-1.aux

LaTeX Warning: Label `fig:type.png' multiply defined.


LaTeX Warning: Label `fig:type.png' multiply defined.


LaTeX Warning: Label `fig:type.png' multiply defined.


LaTeX Warning: Label `fig:type.png' multiply defined.


LaTeX Warning: Label `fig:type.png' multiply defined.


LaTeX Warning: Label `fig:type.png' multiply defined.


LaTeX Warning: Label `fig:type.png' multiply defined.

)
\openout1 = `report-1.aux'.

LaTeX Font Info:    Checking defaults for OML/cmm/m/it on input line 40.
LaTeX Font Info:    ... okay on input line 40.
LaTeX Font Info:    Checking defaults for OMS/cmsy/m/n on input line 40.
LaTeX Font Info:    ... okay on input line 40.
LaTeX Font Info:    Checking defaults for OT1/cmr/m/n on input line 40.
LaTeX Font Info:    ... okay on input line 40.
LaTeX Font Info:    Checking defaults for T1/cmr/m/n on input line 40.
LaTeX Font Info:    ... okay on input line 40.
LaTeX Font Info:    Checking defaults for TS1/cmr/m/n on input line 40.
LaTeX Font Info:    ... okay on input line 40.
LaTeX Font Info:    Checking defaults for OMX/cmex/m/n on input line 40.
LaTeX Font Info:    ... okay on input line 40.
LaTeX Font Info:    Checking defaults for U/cmr/m/n on input line 40.
LaTeX Font Info:    ... okay on input line 40.

*geometry* driver: auto-detecting
*geometry* detected driver: pdftex
*geometry* verbose mode - [ preamble ] result:
* driver: pdftex
* paper: a4paper
* layout: <same size as paper>
* layoutoffset:(h,v)=(0.0pt,0.0pt)
* modes: 
* h-part:(L,W,R)=(85.35826pt, 426.79135pt, 85.35826pt)
* v-part:(T,H,B)=(85.35826pt, 674.33032pt, 85.35826pt)
* \paperwidth=597.50787pt
* \paperheight=845.04684pt
* \textwidth=426.79135pt
* \textheight=674.33032pt
* \oddsidemargin=13.08827pt
* \evensidemargin=13.08827pt
* \topmargin=-23.91173pt
* \headheight=12.0pt
* \headsep=25.0pt
* \topskip=11.0pt
* \footskip=30.0pt
* \marginparwidth=50.0pt
* \marginparsep=10.0pt
* \columnsep=10.0pt
* \skip\footins=10.0pt plus 4.0pt minus 2.0pt
* \hoffset=0.0pt
* \voffset=0.0pt
* \mag=1000
* \@twocolumnfalse
* \@twosidefalse
* \@mparswitchfalse
* \@reversemarginfalse
* (1in=72.27pt=25.4mm, 1cm=28.453pt)

(/home/vampire/.miktex/texmfs/install/tex/context/base/mkii/supp-pdf.mkii
[Loading MPS to PDF converter (version 2006.09.02).]
\scratchcounter=\count285
\scratchdimen=\dimen169
\scratchbox=\box59
\nofMPsegments=\count286
\nofMParguments=\count287
\everyMPshowfont=\toks27
\MPscratchCnt=\count288
\MPscratchDim=\dimen170
\MPnumerator=\count289
\makeMPintoPDFobject=\count290
\everyMPtoPDFconversion=\toks28
)
\c@lstlisting=\count291


LaTeX Font Warning: Font shape `OT1/cmr/m/n' in size <22> not available
(Font)              size <20.74> substituted on input line 44.


LaTeX Font Warning: Font shape `OT1/cmr/bx/n' in size <22> not available
(Font)              size <20.74> substituted on input line 44.


LaTeX Font Warning: Font shape `OT1/cmr/m/n' in size <15> not available
(Font)              size <14.4> substituted on input line 45.


LaTeX Font Warning: Font shape `OT1/cmr/bx/n' in size <15> not available
(Font)              size <14.4> substituted on input line 46.

<logo.png, id=1, 60.7068pt x 59.62276pt>
File: logo.png Graphic file (type png)
<use logo.png>
Package pdftex.def Info: logo.png  used on input line 50.
(pdftex.def)             Requested size: 298.75264pt x 293.50958pt.

LaTeX Font Warning: Font shape `OT1/cmr/m/n' in size <20> not available
(Font)              size <20.74> substituted on input line 58.


LaTeX Font Warning: Font shape `OT1/cmr/bx/n' in size <20> not available
(Font)              size <20.74> substituted on input line 59.


Overfull \hbox (87.79028pt too wide) in paragraph at lines 61--81
$[]$ $[]$ 
 []

[1

{/home/vampire/.miktex/texmfs/data/fonts/map/pdftex/pdftex.map} <./logo.png>] [1] (report-1.toc)
\tf@toc=\write3
\openout3 = `report-1.toc'.

 [1

]
Chapter 1.

Overfull \hbox (8.40431pt too wide) in paragraph at lines 109--110
[]\OT1/cmr/m/n/12 Despite its many advantages, it is important to be aware of the potential limitations
 []

[2

]
Chapter 2.
<flipper-zero.png, id=20, 1606.0pt x 903.375pt>
File: flipper-zero.png Graphic file (type png)
<use flipper-zero.png>
Package pdftex.def Info: flipper-zero.png  used on input line 118.
(pdftex.def)             Requested size: 298.75264pt x 168.0453pt.

Overfull \hbox (2.5667pt too wide) in paragraph at lines 122--123
\OT1/cmr/m/n/12 Flipper Zero is designed to perform various hacking tasks, including sniffing, spoofing,
 []

[3

 <./flipper-zero.png>] [4]
Chapter 3.
<fun.png, id=28, 1017.8025pt x 658.46pt>
File: fun.png Graphic file (type png)
<use fun.png>
Package pdftex.def Info: fun.png  used on input line 143.
(pdftex.def)             Requested size: 298.75264pt x 193.26942pt.
[5

 <./fun.png>]
Overfull \hbox (8.37636pt too wide) in paragraph at lines 151--152
\OT1/cmr/m/n/12 Flipper Zero can block or disrupt wireless communications between devices, preventing
 []

[6]
Chapter 4.
<Sub-GHz.png, id=37, 2288.55pt x 1195.46625pt>
File: Sub-GHz.png Graphic file (type png)
<use Sub-GHz.png>
Package pdftex.def Info: Sub-GHz.png  used on input line 162.
(pdftex.def)             Requested size: 298.75264pt x 156.0545pt.
[7

 <./Sub-GHz.png>]
<Bank_card.png, id=41, 2671.9825pt x 919.435pt>
File: Bank_card.png Graphic file (type png)
<use Bank_card.png>
Package pdftex.def Info: Bank_card.png  used on input line 179.
(pdftex.def)             Requested size: 298.75264pt x 102.79362pt.
<Unknown_card.png, id=42, 2643.8775pt x 935.495pt>
File: Unknown_card.png Graphic file (type png)
<use Unknown_card.png>
Package pdftex.def Info: Unknown_card.png  used on input line 188.
(pdftex.def)             Requested size: 298.75264pt x 105.70256pt.

Overfull \hbox (7.54291pt too wide) in paragraph at lines 196--197
\OT1/cmr/m/n/12 support encryption, authentication, and cryptography. These tags are commonly
 []

[8 <./Bank_card.png> <./Unknown_card.png>]
<EM_marin.png, id=47, 670.505pt x 400.49625pt>
File: EM_marin.png Graphic file (type png)
<use EM_marin.png>
Package pdftex.def Info: EM_marin.png  used on input line 208.
(pdftex.def)             Requested size: 298.75264pt x 178.44331pt.
<hid.png, id=48, 676.5275pt x 301.125pt>
File: hid.png Graphic file (type png)
<use hid.png>
Package pdftex.def Info: hid.png  used on input line 217.
(pdftex.def)             Requested size: 298.75264pt x 132.97784pt.
 [9 <./EM_marin.png> <./hid.png>]
<ibutton.png, id=52, 963.6pt x 542.025pt>
File: ibutton.png Graphic file (type png)
<use ibutton.png>
Package pdftex.def Info: ibutton.png  used on input line 236.
(pdftex.def)             Requested size: 213.39568pt x 120.03157pt.
 [10 <./ibutton.png (PNG copy)>]
Chapter 5.

Overfull \hbox (3.80696pt too wide) in paragraph at lines 240--241
\OT1/cmr/m/n/12 Flipper Zero is a versatile, open-source hacking device that combines multiple features
 []

[11

]
Chapter 6.
[12

] (report-1.aux)

LaTeX Font Warning: Size substitutions with differences
(Font)              up to 1.26pt have occurred.


LaTeX Warning: There were multiply-defined labels.

 ) 
Here is how much of TeX's memory you used:
 5350 strings out of 478309
 85216 string characters out of 5840434
 1857346 words of memory out of 5000000
 25419 multiletter control sequences out of 15000+600000
 519299 words of font info for 56 fonts, out of 8000000 for 9000
 0 hyphenation exceptions out of 8191
 57i,12n,62p,833b,322s stack positions out of 10000i,1000n,20000p,200000b,200000s
 </home/vampire/.miktex/texmfs/data/fonts/pk/ljfour/jknappen/ec/dpi600/tcrm1200.pk></home/vampire/.miktex/texmfs/install/fonts/type1/public/amsfonts/cm/cmbx12.pfb></home/vampire/.miktex/texmfs/install/fonts/type1/public/amsfonts/cm/cmr10.pfb></home/vampire/.miktex/texmfs/install/fonts/type1/public/amsfonts/cm/cmr12.pfb></home/vampire/.miktex/texmfs/install/fonts/type1/public/amsfonts/cm/cmr9.pfb>
Output written on report-1.pdf (14 pages, 4607160 bytes).
PDF statistics:
 85 PDF objects out of 1000 (max. 8388607)
 0 named destinations out of 1000 (max. 500000)
 46 words of extra memory for PDF output out of 10000 (max. 10000000)

